<?xml version="1.0" encoding="UTF-8"?>
<testng-results ignored="0" total="2" passed="2" failed="0" skipped="0">
  <reporter-output>
  </reporter-output>
  <suite started-at="2019-01-17T10:05:09Z" name="Default suite" finished-at="2019-01-17T10:06:02Z" duration-ms="52153">
    <groups>
    </groups>
    <test started-at="2019-01-17T10:05:09Z" name="Default test" finished-at="2019-01-17T10:06:02Z" duration-ms="52153">
      <class name="com.test.NexaLQS.Testing_NEXA_LQS_Performance">
        <test-method signature="Insurance_openBrowser()[pri:1, instance:com.test.NexaLQS.Testing_NEXA_LQS_Performance@87a85e1]" started-at="2019-01-17T10:05:09Z" name="Insurance_openBrowser" finished-at="2019-01-17T10:05:30Z" duration-ms="20151" status="PASS">
          <reporter-output>
          </reporter-output>
        </test-method> <!-- Insurance_openBrowser -->
        <test-method signature="Insurance_openDealerBrowser()[pri:2, instance:com.test.NexaLQS.Testing_NEXA_LQS_Performance@87a85e1]" started-at="2019-01-17T10:05:30Z" name="Insurance_openDealerBrowser" finished-at="2019-01-17T10:06:02Z" duration-ms="31986" status="PASS">
          <reporter-output>
          </reporter-output>
        </test-method> <!-- Insurance_openDealerBrowser -->
      </class> <!-- com.test.NexaLQS.Testing_NEXA_LQS_Performance -->
    </test> <!-- Default test -->
  </suite> <!-- Default suite -->
</testng-results>
