<?xml version="1.0" encoding="UTF-8"?>
<!-- Generated by org.testng.reporters.JUnitXMLReporter -->
<testsuite ignored="0" hostname="AGLGGNLAP0234" failures="1" tests="2" name="Testing LQS Live Website" time="70.646" errors="0" timestamp="17 Jan 2019 09:57:41 GMT">
  <testcase classname="com.test.NexaLQS.Testing_NEXA_LQS_Performance" name="Insurance_openBrowser" time="29.526"/>
  <testcase classname="com.test.NexaLQS.Testing_NEXA_LQS_Performance" name="Insurance_openDealerBrowser" time="41.096">
    <failure type="junit.framework.AssertionFailedError">
      <![CDATA[junit.framework.AssertionFailedError
at junit.framework.Assert.fail(Assert.java:47)
at junit.framework.Assert.assertTrue(Assert.java:20)
at junit.framework.Assert.assertTrue(Assert.java:27)
at com.test.NexaLQS.Testing_NEXA_LQS_Performance.Insurance_openDealerBrowser(Testing_NEXA_LQS_Performance.java:132)
... Removed 25 stack frames]]>
    </failure>
  </testcase> <!-- Insurance_openDealerBrowser -->
</testsuite> <!-- Testing LQS Live Website -->
