<?xml version="1.0" encoding="UTF-8"?>
<!-- Generated by org.testng.reporters.JUnitXMLReporter -->
<testsuite ignored="0" hostname="AGLGGNLAP0234" failures="0" tests="2" name="Default test" time="52.153" errors="0" timestamp="17 Jan 2019 10:06:02 GMT">
  <testcase classname="com.test.NexaLQS.Testing_NEXA_LQS_Performance" name="Insurance_openBrowser" time="20.151"/>
  <testcase classname="com.test.NexaLQS.Testing_NEXA_LQS_Performance" name="Insurance_openDealerBrowser" time="31.986"/>
</testsuite> <!-- Default test -->
